[nest.com/index.html]
[backblue.gif]
[fade.gif]
[index.html]
[nest.com/images/global/favicon.ico]
[nest.com/images/global/apple-touch-icon.png]
[nest.com/images/global/apple-touch-icon-72x72.png]
[nest.com/images/global/apple-touch-icon-114x114.png]
[nest.com/fonts/lineto_akkurat_pro/regular.woff]
[nest.com/fonts/lineto_akkurat_pro/regular.svg]
[nest.com/fonts/lineto_akkurat_pro/regular.eot]
[nest.com/fonts/lineto_akkurat_pro/regular.ttf]
[nest.com/fonts/lineto_akkurat_pro/italic.woff]
[nest.com/fonts/lineto_akkurat_pro/italic.svg]
[nest.com/fonts/lineto_akkurat_pro/italic.eot]
[nest.com/fonts/lineto_akkurat_pro/italic.ttf]
[nest.com/fonts/lineto_akkurat_pro/light.woff]
[nest.com/fonts/lineto_akkurat_pro/light.svg]
[nest.com/fonts/lineto_akkurat_pro/light.eot]
[nest.com/fonts/lineto_akkurat_pro/light.ttf]
[nest.com/fonts/lineto_akkurat_pro/light_italic.woff]
[nest.com/fonts/lineto_akkurat_pro/light_italic.svg]
[nest.com/fonts/lineto_akkurat_pro/light_italic.eot]
[nest.com/fonts/lineto_akkurat_pro/light_italic.ttf]
[nest.com/fonts/lineto_akkurat_pro/book.woff]
[nest.com/fonts/lineto_akkurat_pro/book.svg]
[nest.com/fonts/lineto_akkurat_pro/book.eot]
[nest.com/fonts/lineto_akkurat_pro/book.ttf]
[nest.com/fonts/lineto_akkurat_pro/book_italic.woff]
[nest.com/fonts/lineto_akkurat_pro/book_italic.svg]
[nest.com/fonts/lineto_akkurat_pro/book_italic.eot]
[nest.com/fonts/lineto_akkurat_pro/book_italic.ttf]
[nest.com/fonts/lineto_akkurat_pro/medium.woff]
[nest.com/fonts/lineto_akkurat_pro/medium.svg]
[nest.com/fonts/lineto_akkurat_pro/medium.eot]
[nest.com/fonts/lineto_akkurat_pro/medium.ttf]
[nest.com/fonts/lineto_akkurat_pro/medium_italic.woff]
[nest.com/fonts/lineto_akkurat_pro/medium_italic.svg]
[nest.com/fonts/lineto_akkurat_pro/medium_italic.eot]
[nest.com/fonts/lineto_akkurat_pro/medium_italic.ttf]
[nest.com/fonts/lineto_akkurat_pro/bold.woff]
[nest.com/fonts/lineto_akkurat_pro/bold.svg]
[nest.com/fonts/lineto_akkurat_pro/bold.eot]
[nest.com/fonts/lineto_akkurat_pro/bold.ttf]
[nest.com/fonts/lineto_akkurat_pro/bold_italic.woff]
[nest.com/fonts/lineto_akkurat_pro/bold_italic.svg]
[nest.com/fonts/lineto_akkurat_pro/bold_italic.eot]
[nest.com/fonts/lineto_akkurat_pro/bold_italic.ttf]
[nest.com/nest-web-components.bundle.minf199.js]
[nest.com/widget/compatibility/index.html]
[nest.com/widget/pro-finder/index.html]
[nest.com/widget/utility/index.html]
[nest.com/index.html]
[nest.com/widget/rebates/index.html]
[nest.com/widget/calculator/index48f7.html]
[nest.com/widget/calculator/index.html]
[nest.com/blog/2017/08/10/solar-eclipse-meet-the-nest-thermostat/index.html]
[nest.com/blog/2017/05/31/the-security-camera-that-outsmarts-other-security-cameras/index.html]
[nest.com/blog/2017/04/13/we-heart-home/index.html]
[nest.com/blog/2017/06/15/ways-to-celebrate-day-of-the-dads/index.html]
[nest.com/fonts/lineto_akkurat_pro/regular.svg]
[nest.com/fonts/lineto_akkurat_pro/italic.svg]
[nest.com/fonts/lineto_akkurat_pro/light.svg]
[nest.com/fonts/lineto_akkurat_pro/light_italic.svg]
[nest.com/fonts/lineto_akkurat_pro/book.svg]
[nest.com/fonts/lineto_akkurat_pro/book_italic.svg]
[nest.com/fonts/lineto_akkurat_pro/medium.svg]
[nest.com/fonts/lineto_akkurat_pro/medium_italic.svg]
[nest.com/fonts/lineto_akkurat_pro/bold.svg]
[nest.com/fonts/lineto_akkurat_pro/bold_italic.svg]
[nest.com/widget/compatibility/index.html]
[nest.com/widget/in-your-home/index.html]
[nest.com/widget/pro-finder/index.html]
[nest.com/widget/utility/index.html]
[nest.com/widget/troubleshooting/index.html]
[nest.com/widget/status/index.html]
[nest.com/widget/rebates/index.html]
[nest.com/coming-soon/index.html]
[nest.com/widget/calculator/index.html]
[nest.com/widget/calculator/index48f7.html]
[nest.com/modal/be-the-first/index.html]
[nest.com/modal/be-the-first-wwn/index.html]
[nest.com/modal/be-the-first-announce/index.html]
[nest.com/thermostat/saving-energy/index.html]
[nest.com/support/index.html]
[nest.com/support/article/Learn-more-about-Sound-Check/index.html]
[nest.com/salesforce/api/v3/handraiser/subscribe.json]
[nest.com/camera/meet-nest-cam-iq/index.html]
[nest.com/thermostat/meet-nest-thermostat/index.html]
[nest.com/camera/meet-nest-cam-outdoor/index.html]
[nest.com/smoke-co-alarm/meet-nest-protect/index.html]
[nest.com/blog/2017/08/10/solar-eclipse-meet-the-nest-thermostat/index.html]
[nest.com/blog/2017/06/15/ways-to-celebrate-day-of-the-dads/index.html]
[nest.com/blog/2017/05/31/the-security-camera-that-outsmarts-other-security-cameras/index.html]
[nest.com/blog/2017/04/13/we-heart-home/index.html]
[nest.com/blog/2017/04/04/hola-mexico/index.html]
[nest.com/blog/2017/04/04/hola-mexico/index.html]
[nest.com/rebates-and-rewards/index.html]
[nest.com/nest-pro-installation/index9b30.html]
[nest.com/works-with-nest/index.html]
[nest.com/where-to-buy/index.html]
[nest.com/about/index.html]
[nest.com/blog/index.html]
[nest.com/responsibility/index.html]
[nest.com/careers/index.html]
[nest.com/press/index.html]
[nest.com/video/index.html]
[nest.com/developer/index.html]
[nest.com/energy-partners/index.html]
[nest.com/insurance-partners/index.html]
[nest.com/nest-for-business/index.html]
[nest.com/choose-your-country/index.html]
[nest.com/legal/privacy-policy-for-nest-web-sites/index.html]
[nest.com/privacy/index.html]
[nest.com/privacy/data/index.html]
[nest.com/letter-from-the-ceo/index.html]
